[2020-04-07 23:32:22,427 INFO root] Taurus CLI Tool v1.13.9
[2020-04-07 23:32:22,427 DEBUG root] Command-line options: {'log': '/var/folders/wq/87ky0kyj0kncdbgd1ldbpfl40000gn/T/bzt_p50n0_h6.log', 'option': None, 'quiet': None, 'verbose': None, 'no_system_configs': None, 'aliases': []}
[2020-04-07 23:32:22,427 DEBUG root] Python: CPython 3.6.4
[2020-04-07 23:32:22,428 DEBUG root] OS: uname_result(system='Darwin', node='rahuls-MacBook-Pro.local', release='18.7.0', version='Darwin Kernel Version 18.7.0: Tue Aug 20 16:57:14 PDT 2019; root:xnu-4903.271.2~2/RELEASE_X86_64', machine='x86_64', processor='i386')
[2020-04-07 23:32:22,428 INFO root] Starting with configs: ['taurus.yml']
[2020-04-07 23:32:22,428 DEBUG root] Using personal config: /Users/rahul/.bzt-rc
[2020-04-07 23:32:22,428 INFO Engine] Configuring...
[2020-04-07 23:32:22,514 DEBUG Engine] Base configs list: ['/Users/rahul/PycharmProjects/pythonMobilePOC/venv/lib/python3.6/site-packages/bzt/resources/10-base-config.yml']
[2020-04-07 23:32:22,515 DEBUG Engine.Configuration] Configs: ['/Users/rahul/PycharmProjects/pythonMobilePOC/venv/lib/python3.6/site-packages/bzt/resources/10-base-config.yml']
[2020-04-07 23:32:22,515 DEBUG Engine.Configuration] Reading /Users/rahul/PycharmProjects/pythonMobilePOC/venv/lib/python3.6/site-packages/bzt/resources/10-base-config.yml as YAML
[2020-04-07 23:32:22,539 DEBUG Engine] User configs list: ['/Users/rahul/.bzt-rc', 'taurus.yml']
[2020-04-07 23:32:22,539 DEBUG Engine.Configuration] Configs: ['/Users/rahul/.bzt-rc', 'taurus.yml']
[2020-04-07 23:32:22,541 DEBUG Engine.Configuration] Reading /Users/rahul/.bzt-rc as YAML
[2020-04-07 23:32:22,545 DEBUG Engine.Configuration] Reading taurus.yml as YAML
[2020-04-07 23:32:22,547 DEBUG Engine.Configuration] Configs: ['/Users/rahul/.bzt-rc', 'taurus.yml']
[2020-04-07 23:32:22,547 DEBUG Engine.Configuration] Reading /Users/rahul/.bzt-rc as YAML
[2020-04-07 23:32:22,551 DEBUG Engine.Configuration] Reading taurus.yml as YAML
[2020-04-07 23:32:22,605 DEBUG Engine] Requesting updates info: https://gettaurus.org/updates/?version=1.13.9&installID=macos-8c85905bda79
[2020-04-07 23:32:22,605 DEBUG HTTPClient] Making HTTP request GET https://gettaurus.org/updates/?version=1.13.9&installID=macos-8c85905bda79
[2020-04-07 23:32:22,606 INFO Engine] Artifacts dir: /Users/rahul/PycharmProjects/pythonMobilePOC/2020-04-07_23-32-22.605816
[2020-04-07 23:32:22,621 DEBUG Engine] New artifact filename: /Users/rahul/PycharmProjects/pythonMobilePOC/2020-04-07_23-32-22.605816/effective
[2020-04-07 23:32:22,623 DEBUG Engine.Configuration] Dumping YAML config into /Users/rahul/PycharmProjects/pythonMobilePOC/2020-04-07_23-32-22.605816/effective.yml
[2020-04-07 23:32:22,641 DEBUG urllib3.connectionpool] Starting new HTTPS connection (1): gettaurus.org:443
[2020-04-07 23:32:22,646 DEBUG Engine.Configuration] Dumping JSON config into /Users/rahul/PycharmProjects/pythonMobilePOC/2020-04-07_23-32-22.605816/effective.json
[2020-04-07 23:32:22,647 DEBUG Engine] New artifact filename: /Users/rahul/PycharmProjects/pythonMobilePOC/2020-04-07_23-32-22.605816/merged.yml
[2020-04-07 23:32:22,647 DEBUG Engine.Configuration] Dumping YAML config into /Users/rahul/PycharmProjects/pythonMobilePOC/2020-04-07_23-32-22.605816/merged.yml
[2020-04-07 23:32:22,649 DEBUG Engine] New artifact filename: /Users/rahul/PycharmProjects/pythonMobilePOC/2020-04-07_23-32-22.605816/merged.json
[2020-04-07 23:32:22,650 DEBUG Engine.Configuration] Dumping JSON config into /Users/rahul/PycharmProjects/pythonMobilePOC/2020-04-07_23-32-22.605816/merged.json
[2020-04-07 23:32:22,650 DEBUG Engine] Add existing artifact (move=False): taurus.yml
[2020-04-07 23:32:22,651 DEBUG Engine] Copying taurus.yml to /Users/rahul/PycharmProjects/pythonMobilePOC/2020-04-07_23-32-22.605816/taurus.yml
[2020-04-07 23:32:22,653 DEBUG root] Closing log handler: /var/folders/wq/87ky0kyj0kncdbgd1ldbpfl40000gn/T/bzt_p50n0_h6.log
[2020-04-07 23:32:22,655 DEBUG root] Switched writing logs to /Users/rahul/PycharmProjects/pythonMobilePOC/2020-04-07_23-32-22.605816/bzt.log
[2020-04-07 23:32:22,655 DEBUG root] Linting config
[2020-04-07 23:32:22,658 INFO Engine] Preparing...
[2020-04-07 23:32:22,659 DEBUG Engine] Module config: consolidator {'class': 'bzt.modules.aggregator.ConsolidatingAggregator'}
[2020-04-07 23:32:22,659 DEBUG root] Importing module: bzt.modules.aggregator
[2020-04-07 23:32:22,917 DEBUG root] Loading class: 'ConsolidatingAggregator' from <module 'bzt.modules.aggregator' from '/Users/rahul/PycharmProjects/pythonMobilePOC/venv/lib/python3.6/site-packages/bzt/modules/aggregator.py'>
[2020-04-07 23:32:22,917 DEBUG Engine.consolidator] Buffer scaling setup: percentile 95.0 from [0.0, 50.0, 90.0, 95.0, 99.0, 99.9, 100.0] selected
[2020-04-07 23:32:22,917 DEBUG Engine] Module config: monitoring {'class': 'bzt.modules.monitoring.Monitoring'}
[2020-04-07 23:32:22,917 DEBUG root] Importing module: bzt.modules.monitoring
[2020-04-07 23:32:22,920 DEBUG root] Loading class: 'Monitoring' from <module 'bzt.modules.monitoring' from '/Users/rahul/PycharmProjects/pythonMobilePOC/venv/lib/python3.6/site-packages/bzt/modules/monitoring.py'>
[2020-04-07 23:32:22,921 DEBUG Engine] Module config: cloud {'class': 'bzt.modules.blazemeter.CloudProvisioning', 'default-location': 'us-central1-a', 'token': '********', 'timeout': '10s'}
[2020-04-07 23:32:22,921 DEBUG root] Importing module: bzt.modules.blazemeter
[2020-04-07 23:32:22,935 DEBUG easyprocess] version=0.2.8
[2020-04-07 23:32:22,941 DEBUG pyvirtualdisplay] version=0.2.5
[2020-04-07 23:32:22,944 DEBUG root] Loading class: 'CloudProvisioning' from <module 'bzt.modules.blazemeter' from '/Users/rahul/PycharmProjects/pythonMobilePOC/venv/lib/python3.6/site-packages/bzt/modules/blazemeter.py'>
[2020-04-07 23:32:22,945 DEBUG Engine] Module config: blazemeter {'class': 'bzt.modules.blazemeter.BlazeMeterUploader'}
[2020-04-07 23:32:22,945 DEBUG root] Importing module: bzt.modules.blazemeter
[2020-04-07 23:32:22,945 DEBUG root] Loading class: 'BlazeMeterUploader' from <module 'bzt.modules.blazemeter' from '/Users/rahul/PycharmProjects/pythonMobilePOC/venv/lib/python3.6/site-packages/bzt/modules/blazemeter.py'>
[2020-04-07 23:32:22,945 DEBUG Engine.cloud] Installing http client
[2020-04-07 23:32:22,945 DEBUG Engine.cloud] Request: GET https://a.blazemeter.com/api/v4/accounts None
[2020-04-07 23:32:22,945 DEBUG HTTPClient] Making HTTP request GET https://a.blazemeter.com/api/v4/accounts
[2020-04-07 23:32:22,996 DEBUG urllib3.connectionpool] Starting new HTTPS connection (1): a.blazemeter.com:443
[2020-04-07 23:32:24,061 DEBUG urllib3.connectionpool] https://gettaurus.org:443 "GET /updates/?version=1.13.9&installID=macos-8c85905bda79 HTTP/1.1" 200 39
[2020-04-07 23:32:24,062 DEBUG Engine] Taurus updates info: {'latest': '1.14.1', 'needsUpgrade': True}
[2020-04-07 23:32:24,062 WARNING Engine] There is newer version of Taurus 1.14.1 available, consider upgrading. What's new: http://gettaurus.org/docs/Changelog/
[2020-04-07 23:32:24,319 DEBUG urllib3.connectionpool] https://a.blazemeter.com:443 "GET /api/v4/accounts HTTP/1.1" 200 None
[2020-04-07 23:32:24,322 DEBUG Engine.cloud] Response [200]: {
    "limit": 10,
    "skip": 0,
    "total": 1,
    "hidden": 0,
    "api_version": 4,
    "error": null,
    "result": [
        {
            "id": 476004,
            "name": "rahul.yadav@mykaarma.com",
            "thumbnailUrl": null,
            "s
[2020-04-07 23:32:24,323 DEBUG Engine.cloud] Request: GET https://a.blazemeter.com/api/v4/workspaces?accountId=476004&enabled=true&limit=100 None
[2020-04-07 23:32:24,323 DEBUG HTTPClient] Making HTTP request GET https://a.blazemeter.com/api/v4/workspaces?accountId=476004&enabled=true&limit=100
[2020-04-07 23:32:24,759 DEBUG urllib3.connectionpool] https://a.blazemeter.com:443 "GET /api/v4/workspaces?accountId=476004&enabled=true&limit=100 HTTP/1.1" 200 None
[2020-04-07 23:32:24,767 DEBUG Engine.cloud] Response [200]: {
    "limit": 100,
    "skip": 0,
    "total": 1,
    "hidden": 0,
    "api_version": 4,
    "error": null,
    "result": [
        {
            "id": 476735,
            "name": "Default workspace",
            "userId": 907531,
            "created": 1
[2020-04-07 23:32:24,767 DEBUG Engine] Module config: locust {'class': 'bzt.modules.locustio.LocustIOExecutor'}
[2020-04-07 23:32:24,768 DEBUG root] Importing module: bzt.modules.locustio
[2020-04-07 23:32:24,788 DEBUG root] Loading class: 'LocustIOExecutor' from <module 'bzt.modules.locustio' from '/Users/rahul/PycharmProjects/pythonMobilePOC/venv/lib/python3.6/site-packages/bzt/modules/locustio.py'>
[2020-04-07 23:32:24,789 DEBUG Engine.cloud.ProjectFinder] Parsed test link: None
[2020-04-07 23:32:24,789 DEBUG Engine.cloud] Request: GET https://a.blazemeter.com/api/v4/user None
[2020-04-07 23:32:24,789 DEBUG HTTPClient] Making HTTP request GET https://a.blazemeter.com/api/v4/user
[2020-04-07 23:32:25,210 DEBUG urllib3.connectionpool] https://a.blazemeter.com:443 "GET /api/v4/user HTTP/1.1" 200 None
[2020-04-07 23:32:25,211 DEBUG Engine.cloud] Response [200]: {
    "api_version": 4,
    "error": null,
    "result": {
        "id": 907531,
        "email": "rahul.yadav@mykaarma.com",
        "passwordUpdateTime": 1586282137,
        "access": 1586282534,
        "login": 1586282162,
        "firstName": "Rahul",
[2020-04-07 23:32:25,211 DEBUG Engine.cloud] Request: GET https://a.blazemeter.com/api/v4/accounts None
[2020-04-07 23:32:25,212 DEBUG HTTPClient] Making HTTP request GET https://a.blazemeter.com/api/v4/accounts
[2020-04-07 23:32:25,627 DEBUG urllib3.connectionpool] https://a.blazemeter.com:443 "GET /api/v4/accounts HTTP/1.1" 200 None
[2020-04-07 23:32:25,628 DEBUG Engine.cloud] Response [200]: {
    "limit": 10,
    "skip": 0,
    "total": 1,
    "hidden": 0,
    "api_version": 4,
    "error": null,
    "result": [
        {
            "id": 476004,
            "name": "rahul.yadav@mykaarma.com",
            "thumbnailUrl": null,
            "s
[2020-04-07 23:32:25,629 DEBUG Engine.cloud.ProjectFinder] Using default account: {'id': 476004, 'name': 'rahul.yadav@mykaarma.com', 'thumbnailUrl': None, 'salesforceId': None, 'totangoId': None, 'apiKeyExpiration': -1, 'inviteContactEmail': None, 'inviteContactName': None, 'appUrl': 'https://a.blazemeter.com', 'jetLagUrl': None, 'jetpackUrl': None, 'jmeterPluginsUrl': None, 'disclaimerMessage': None, 'sessionDelayedStart': 180, 'migratedToV4': 1586282144, 'taurusCloudUrl': None, 'jetlagJavaPath': None, 'underMigration': None, 'runscopeUrl': None, 'siteId': None, 'plaEnabled': False, 'domainName': None, 'additionalDomains': None, 'calculateTelemetry': None, 'teamId': 'f4179c6a-be01-461b-9424-a89560993bac', 'blockRunningTests': False, 'enabled': True, 'created': 1586282144, 'updated': 1586282146, 'owner': {'id': 907531, 'email': 'rahul.yadav@mykaarma.com', 'displayName': 'Rahul Yadav', 'firstName': 'Rahul', 'lastName': 'Yadav'}, 'membersCount': 1, 'workspacesCount': 1, 'isPayingAccount': False}
[2020-04-07 23:32:25,629 DEBUG Engine.cloud] Request: GET https://a.blazemeter.com/api/v4/workspaces?accountId=476004&enabled=true&limit=100 None
[2020-04-07 23:32:25,629 DEBUG HTTPClient] Making HTTP request GET https://a.blazemeter.com/api/v4/workspaces?accountId=476004&enabled=true&limit=100
[2020-04-07 23:32:26,053 DEBUG urllib3.connectionpool] https://a.blazemeter.com:443 "GET /api/v4/workspaces?accountId=476004&enabled=true&limit=100 HTTP/1.1" 200 None
[2020-04-07 23:32:26,054 DEBUG Engine.cloud] Response [200]: {
    "limit": 100,
    "skip": 0,
    "total": 1,
    "hidden": 0,
    "api_version": 4,
    "error": null,
    "result": [
        {
            "id": 476735,
            "name": "Default workspace",
            "userId": 907531,
            "created": 1
[2020-04-07 23:32:26,054 DEBUG Engine.cloud.ProjectFinder] Using first workspace: {'id': 476735, 'name': 'Default workspace', 'userId': 907531, 'created': 1586282144, 'updated': 1586282144, 'enabled': True, 'dedicatedIpsEnabled': True, 'privateLocationsEnabled': True, 'owner': {'id': 907531, 'email': 'rahul.yadav@mykaarma.com', 'displayName': 'Rahul Yadav'}, 'membersCount': 1, 'allowance': {'amount': 10, 'type': 'credits'}, 'accountId': 476004}
[2020-04-07 23:32:26,055 DEBUG Engine.cloud] Request: GET https://a.blazemeter.com/api/v4/user None
[2020-04-07 23:32:26,055 DEBUG HTTPClient] Making HTTP request GET https://a.blazemeter.com/api/v4/user
[2020-04-07 23:32:26,495 DEBUG urllib3.connectionpool] https://a.blazemeter.com:443 "GET /api/v4/user HTTP/1.1" 200 None
[2020-04-07 23:32:26,496 DEBUG Engine.cloud] Response [200]: {
    "api_version": 4,
    "error": null,
    "result": {
        "id": 907531,
        "email": "rahul.yadav@mykaarma.com",
        "passwordUpdateTime": 1586282137,
        "access": 1586282534,
        "login": 1586282162,
        "firstName": "Rahul",
[2020-04-07 23:32:26,496 DEBUG Engine.cloud.ProjectFinder] Looking for default project: 574219
[2020-04-07 23:32:26,497 DEBUG Engine.cloud] Request: GET https://a.blazemeter.com/api/v4/projects?workspaceId=476735&limit=1000 None
[2020-04-07 23:32:26,497 DEBUG HTTPClient] Making HTTP request GET https://a.blazemeter.com/api/v4/projects?workspaceId=476735&limit=1000
[2020-04-07 23:32:26,914 DEBUG urllib3.connectionpool] https://a.blazemeter.com:443 "GET /api/v4/projects?workspaceId=476735&limit=1000 HTTP/1.1" 200 None
[2020-04-07 23:32:26,915 DEBUG Engine.cloud] Response [200]: {
    "limit": 1000,
    "skip": 0,
    "total": 1,
    "hidden": 0,
    "api_version": 4,
    "error": null,
    "result": [
        {
            "id": 574219,
            "name": "Default project",
            "userId": null,
            "description": 
[2020-04-07 23:32:26,916 DEBUG Engine.cloud] Request: GET https://a.blazemeter.com/api/v4/multi-tests?projectId=574219&name=Taurus+Cloud+Test None
[2020-04-07 23:32:26,916 DEBUG HTTPClient] Making HTTP request GET https://a.blazemeter.com/api/v4/multi-tests?projectId=574219&name=Taurus+Cloud+Test
[2020-04-07 23:32:27,329 DEBUG urllib3.connectionpool] https://a.blazemeter.com:443 "GET /api/v4/multi-tests?projectId=574219&name=Taurus+Cloud+Test HTTP/1.1" 200 161
[2020-04-07 23:32:27,330 DEBUG Engine.cloud] Response [200]: {
    "limit": 10,
    "skip": 0,
    "total": 0,
    "hidden": 0,
    "api_version": 4,
    "error": null,
    "result": [],
    "request_id": "5e8cc033c87c3"
}
[2020-04-07 23:32:27,330 DEBUG Engine.cloud] Request: GET https://a.blazemeter.com/api/v4/tests?projectId=574219&name=Taurus+Cloud+Test None
[2020-04-07 23:32:27,330 DEBUG HTTPClient] Making HTTP request GET https://a.blazemeter.com/api/v4/tests?projectId=574219&name=Taurus+Cloud+Test
[2020-04-07 23:32:27,979 DEBUG urllib3.connectionpool] https://a.blazemeter.com:443 "GET /api/v4/tests?projectId=574219&name=Taurus+Cloud+Test HTTP/1.1" 200 161
[2020-04-07 23:32:27,980 DEBUG Engine.cloud] Response [200]: {
    "limit": 10,
    "skip": 0,
    "total": 0,
    "hidden": 0,
    "api_version": 4,
    "error": null,
    "result": [],
    "request_id": "5e8cc0345d141"
}
[2020-04-07 23:32:27,980 DEBUG Engine.cloud.ProjectFinder] Will create standard test
[2020-04-07 23:32:27,981 DEBUG Engine.cloud] Request: GET https://a.blazemeter.com/api/v4/workspaces/476735 None
[2020-04-07 23:32:27,981 DEBUG HTTPClient] Making HTTP request GET https://a.blazemeter.com/api/v4/workspaces/476735
[2020-04-07 23:32:28,450 DEBUG urllib3.connectionpool] https://a.blazemeter.com:443 "GET /api/v4/workspaces/476735 HTTP/1.1" 200 None
[2020-04-07 23:32:28,747 DEBUG Engine.cloud] Response [200]: {
    "api_version": 4,
    "error": null,
    "result": {
        "id": 476735,
        "name": "Default workspace",
        "userId": 907531,
        "created": 1586282144,
        "updated": 1586282144,
        "enabled": true,
        "dedicatedIpsEnab
[2020-04-07 23:32:28,757 DEBUG Engine.locust] Extract {'script': 'RoLoad.py', 'default-address': 'http://192.168.22.116:3002'} into scenarios
[2020-04-07 23:32:28,758 DEBUG Engine.cloud] All resource files are: ['/Users/rahul/PycharmProjects/pythonMobilePOC/RoLoad.py']
[2020-04-07 23:32:28,758 DEBUG Engine.cloud] Replace file names in config: ['/Users/rahul/PycharmProjects/pythonMobilePOC/RoLoad.py'] with ['RoLoad.py']
[2020-04-07 23:32:28,758 DEBUG Engine.cloud] Replaced /Users/rahul/PycharmProjects/pythonMobilePOC/RoLoad.py with RoLoad.py
[2020-04-07 23:32:28,759 DEBUG Engine] New artifact filename: /Users/rahul/PycharmProjects/pythonMobilePOC/2020-04-07_23-32-22.605816/cloud
[2020-04-07 23:32:28,759 DEBUG root] Dumping YAML config into /Users/rahul/PycharmProjects/pythonMobilePOC/2020-04-07_23-32-22.605816/cloud.yml
[2020-04-07 23:32:28,763 DEBUG root] Dumping JSON config into /Users/rahul/PycharmProjects/pythonMobilePOC/2020-04-07_23-32-22.605816/cloud.json
[2020-04-07 23:32:28,763 DEBUG Engine.cloud] Creating new test
[2020-04-07 23:32:28,764 DEBUG Engine.cloud] Request: POST https://a.blazemeter.com/api/v4/tests {
 "name": "Taurus Cloud Test",
 "projectId": 574219,
 "configuration": {
  "type": "taurus",
  "plugins": {
   "taurus": {
    "filename": ""
   }
  }
 }
}
[2020-04-07 23:32:28,764 DEBUG HTTPClient] Making HTTP request POST https://a.blazemeter.com/api/v4/tests
[2020-04-07 23:32:29,214 DEBUG urllib3.connectionpool] https://a.blazemeter.com:443 "POST /api/v4/tests HTTP/1.1" 201 781
[2020-04-07 23:32:29,215 DEBUG Engine.cloud] Response [201]: {
    "api_version": 4,
    "error": null,
    "result": {
        "id": 7899223,
        "name": "Taurus Cloud Test",
        "isNewTest": true,
        "userId": 907531,
        "created": 1586282549,
        "updated": 1586282549,
        "creatorClient
[2020-04-07 23:32:29,215 DEBUG Engine.cloud] Request: GET https://a.blazemeter.com/api/v4/web/elfinder/7899223?cmd=open&target=s1_Lw None
[2020-04-07 23:32:29,215 DEBUG HTTPClient] Making HTTP request GET https://a.blazemeter.com/api/v4/web/elfinder/7899223?cmd=open&target=s1_Lw
[2020-04-07 23:32:29,789 DEBUG urllib3.connectionpool] https://a.blazemeter.com:443 "GET /api/v4/web/elfinder/7899223?cmd=open&target=s1_Lw HTTP/1.1" 200 None
[2020-04-07 23:32:29,790 DEBUG Engine.cloud] Response [200]: {"cwd":{"name":"data","size":0,"mime":"directory","read":1,"write":1,"parent_id":"users","hash":"s1_Lw","rootRev":"","options":{"path":"","url":"","tmbUrl":"self","disabled":["mkdir","archive","zipdl","extract","chmod"],"separator":"\/","copyOverwrite":1,"
[2020-04-07 23:32:29,790 DEBUG Engine.cloud] Test files: []
[2020-04-07 23:32:29,794 DEBUG Engine.cloud] Uploading files into the test: ['/Users/rahul/PycharmProjects/pythonMobilePOC/RoLoad.py']
[2020-04-07 23:32:29,801 DEBUG Engine.cloud] Request: POST https://a.blazemeter.com/api/v4/tests/7899223/files b'--===============2487425436265053414==\r\nContent-Disposition: file; name="script"; filename="taurus.yml"\r\nContent-Type: application/octet-stream\r\n\r\n---\nexecution:\n- concurrency: 5\n  executor: locust\n  hold-for: 1m30s\n  locations:\n    us-central1-a: 1\n  ramp'
[2020-04-07 23:32:29,801 DEBUG HTTPClient] Making HTTP request POST https://a.blazemeter.com/api/v4/tests/7899223/files
[2020-04-07 23:32:30,721 DEBUG urllib3.connectionpool] https://a.blazemeter.com:443 "POST /api/v4/tests/7899223/files HTTP/1.1" 201 783
[2020-04-07 23:32:30,722 DEBUG Engine.cloud] Response [201]: {
    "api_version": 4,
    "error": null,
    "result": {
        "id": 7899223,
        "isNewTest": true,
        "name": "Taurus Cloud Test",
        "userId": 907531,
        "creatorClientId": "Taurus",
        "overrideExecutions": [],
        "shou
[2020-04-07 23:32:30,722 DEBUG Engine.cloud] Request: PATCH https://a.blazemeter.com/api/v4/tests/7899223 {
 "configuration": {
  "executionType": null
 }
}
[2020-04-07 23:32:30,722 DEBUG HTTPClient] Making HTTP request PATCH https://a.blazemeter.com/api/v4/tests/7899223
[2020-04-07 23:32:31,227 DEBUG urllib3.connectionpool] https://a.blazemeter.com:443 "PATCH /api/v4/tests/7899223 HTTP/1.1" 200 None
[2020-04-07 23:32:31,228 DEBUG Engine.cloud] Response [200]: {
    "api_version": 4,
    "error": null,
    "result": {
        "id": 7899223,
        "isNewTest": true,
        "name": "Taurus Cloud Test",
        "userId": 907531,
        "creatorClientId": "Taurus",
        "overrideExecutions": [],
        "shou
[2020-04-07 23:32:31,228 DEBUG Engine.cloud] Request: PATCH https://a.blazemeter.com/api/v4/tests/7899223 {
 "shouldSendReportEmail": false
}
[2020-04-07 23:32:31,228 DEBUG HTTPClient] Making HTTP request PATCH https://a.blazemeter.com/api/v4/tests/7899223
[2020-04-07 23:32:31,776 DEBUG urllib3.connectionpool] https://a.blazemeter.com:443 "PATCH /api/v4/tests/7899223 HTTP/1.1" 200 None
[2020-04-07 23:32:31,777 DEBUG Engine.cloud] Response [200]: {
    "api_version": 4,
    "error": null,
    "result": {
        "id": 7899223,
        "isNewTest": true,
        "name": "Taurus Cloud Test",
        "userId": 907531,
        "creatorClientId": "Taurus",
        "overrideExecutions": [],
        "shou
[2020-04-07 23:32:31,777 DEBUG Engine] Module config: final-stats {'class': 'bzt.modules.reporting.FinalStatus'}
[2020-04-07 23:32:31,778 DEBUG root] Importing module: bzt.modules.reporting
[2020-04-07 23:32:31,784 DEBUG root] Loading class: 'FinalStatus' from <module 'bzt.modules.reporting' from '/Users/rahul/PycharmProjects/pythonMobilePOC/venv/lib/python3.6/site-packages/bzt/modules/reporting.py'>
[2020-04-07 23:32:31,785 DEBUG Engine] Module config: console {'class': 'bzt.modules.console.ConsoleStatusReporter'}
[2020-04-07 23:32:31,785 DEBUG root] Importing module: bzt.modules.console
[2020-04-07 23:32:31,785 DEBUG root] Loading class: 'ConsoleStatusReporter' from <module 'bzt.modules.console' from '/Users/rahul/PycharmProjects/pythonMobilePOC/venv/lib/python3.6/site-packages/bzt/modules/console.py'>
[2020-04-07 23:32:31,793 DEBUG Engine.Configuration] Dumping YAML config into /Users/rahul/PycharmProjects/pythonMobilePOC/2020-04-07_23-32-22.605816/effective.yml
[2020-04-07 23:32:31,813 DEBUG Engine.Configuration] Dumping JSON config into /Users/rahul/PycharmProjects/pythonMobilePOC/2020-04-07_23-32-22.605816/effective.json
[2020-04-07 23:32:31,814 INFO Engine] Starting...
[2020-04-07 23:32:31,815 DEBUG Engine] Startup <bzt.modules.monitoring.Monitoring object at 0x11bd19780>
[2020-04-07 23:32:31,815 DEBUG Engine] Startup <bzt.modules.aggregator.ConsolidatingAggregator object at 0x10e9fbeb8>
[2020-04-07 23:32:31,815 DEBUG Engine] Startup <bzt.modules.reporting.FinalStatus object at 0x11fff8780>
[2020-04-07 23:32:31,815 DEBUG Engine] Startup <bzt.modules.console.ConsoleStatusReporter object at 0x11fff8a90>
[2020-04-07 23:32:31,815 INFO Engine.console] Waiting for results...
[2020-04-07 23:32:31,816 DEBUG Engine] Startup <bzt.modules.blazemeter.CloudProvisioning object at 0x10e9fb6d8>
[2020-04-07 23:32:31,816 INFO Engine.cloud.ProjectFinder.CloudTaurusTest] Initiating cloud test with https://a.blazemeter.com ...
[2020-04-07 23:32:31,816 DEBUG Engine.cloud] Request: POST https://a.blazemeter.com/api/v4/tests/7899223/start None
[2020-04-07 23:32:31,816 DEBUG HTTPClient] Making HTTP request POST https://a.blazemeter.com/api/v4/tests/7899223/start
[2020-04-07 23:32:36,893 DEBUG urllib3.connectionpool] https://a.blazemeter.com:443 "POST /api/v4/tests/7899223/start HTTP/1.1" 202 3124
[2020-04-07 23:32:36,894 DEBUG Engine.cloud] Response [202]: {
    "api_version": 4,
    "error": null,
    "result": {
        "id": 27286383,
        "name": "Taurus Cloud Test",
        "userId": 907531,
        "publicToken": null,
        "ended": null,
        "lastUpdate": null,
        "delayedStartReady": f
[2020-04-07 23:32:36,894 INFO Engine.cloud] Started cloud test: https://a.blazemeter.com/app/#/masters/27286383
[2020-04-07 23:32:37,233 DEBUG Engine.Configuration] Dumping YAML config into /Users/rahul/PycharmProjects/pythonMobilePOC/2020-04-07_23-32-22.605816/effective.yml
[2020-04-07 23:32:37,278 DEBUG Engine.Configuration] Dumping JSON config into /Users/rahul/PycharmProjects/pythonMobilePOC/2020-04-07_23-32-22.605816/effective.json
[2020-04-07 23:32:37,279 DEBUG root] Leveling down log file verbosity to INFO, use -v option to have DEBUG messages enabled
[2020-04-07 23:32:37,722 INFO Engine.cloud] Cloud test status: CONFIGURING_DEPENDENCIES
[2020-04-07 23:32:38,390 INFO Engine.console] Waiting for finish...
[2020-04-07 23:32:43,598 INFO Engine.cloud] Cloud test status: BOOT_STARTING
[2020-04-07 23:33:28,646 INFO Engine.cloud] Cloud test status: ENDED
[2020-04-07 23:33:28,650 INFO Engine.cloud] Test was stopped in the cloud: ENDED
[2020-04-07 23:33:28,815 WARNING Engine] Please wait for graceful shutdown...
[2020-04-07 23:33:28,819 DEBUG root] Leveled up log file verbosity
[2020-04-07 23:33:28,819 INFO Engine] Shutting down...
[2020-04-07 23:33:28,823 DEBUG Engine] Current stop reason: 
[2020-04-07 23:33:28,825 DEBUG Engine.console] Restoring logging streams, [<StreamHandler (INFO)>]/{<StreamHandler (INFO)>: <_io.TextIOWrapper name='<stdout>' mode='w' encoding='UTF-8'>}
[2020-04-07 23:33:28,827 DEBUG Engine.Configuration] Dumping YAML config into /Users/rahul/PycharmProjects/pythonMobilePOC/2020-04-07_23-32-22.605816/effective.yml
[2020-04-07 23:33:28,845 DEBUG Engine.Configuration] Dumping JSON config into /Users/rahul/PycharmProjects/pythonMobilePOC/2020-04-07_23-32-22.605816/effective.json
[2020-04-07 23:33:28,846 WARNING root] Keyboard interrupt
[2020-04-07 23:33:28,848 DEBUG root] KeyboardInterrupt: 
  File "/Users/rahul/PycharmProjects/pythonMobilePOC/venv/lib/python3.6/site-packages/bzt/cli.py", line 259, in perform
    self.engine.run()
  File "/Users/rahul/PycharmProjects/pythonMobilePOC/venv/lib/python3.6/site-packages/bzt/engine/engine.py", line 248, in run
    reraise(exc_info, exc_value)
  File "/Users/rahul/PycharmProjects/pythonMobilePOC/venv/lib/python3.6/site-packages/bzt/six/py3.py", line 86, in reraise
    raise exc
  File "/Users/rahul/PycharmProjects/pythonMobilePOC/venv/lib/python3.6/site-packages/bzt/engine/engine.py", line 227, in run
    self._wait()
  File "/Users/rahul/PycharmProjects/pythonMobilePOC/venv/lib/python3.6/site-packages/bzt/engine/engine.py", line 269, in _wait
    while not self._check_modules_list():
  File "/Users/rahul/PycharmProjects/pythonMobilePOC/venv/lib/python3.6/site-packages/bzt/engine/engine.py", line 256, in _check_modules_list
    finished = bool(module.check())
  File "/Users/rahul/PycharmProjects/pythonMobilePOC/venv/lib/python3.6/site-packages/bzt/modules/aggregator.py", line 840, in check
    for point in self.datapoints():
  File "/Users/rahul/PycharmProjects/pythonMobilePOC/venv/lib/python3.6/site-packages/bzt/modules/aggregator.py", line 595, in datapoints
    for datapoint in self._calculate_datapoints(final_pass):
  File "/Users/rahul/PycharmProjects/pythonMobilePOC/venv/lib/python3.6/site-packages/bzt/modules/aggregator.py", line 881, in _calculate_datapoints
    self._process_underlings(final_pass)
  File "/Users/rahul/PycharmProjects/pythonMobilePOC/venv/lib/python3.6/site-packages/bzt/modules/aggregator.py", line 859, in _process_underlings
    for point in underling.datapoints(final_pass):
  File "/Users/rahul/PycharmProjects/pythonMobilePOC/venv/lib/python3.6/site-packages/bzt/modules/aggregator.py", line 595, in datapoints
    for datapoint in self._calculate_datapoints(final_pass):
  File "/Users/rahul/PycharmProjects/pythonMobilePOC/venv/lib/python3.6/site-packages/bzt/modules/blazemeter.py", line 1841, in _calculate_datapoints
    data, aggr_raw = self.query_data()
  File "/Users/rahul/PycharmProjects/pythonMobilePOC/venv/lib/python3.6/site-packages/bzt/modules/blazemeter.py", line 1967, in query_data
    data = self.master.get_kpis(self.min_ts)
  File "/Users/rahul/PycharmProjects/pythonMobilePOC/venv/lib/python3.6/site-packages/bzt/bza.py", line 588, in get_kpis
    labels = self.get_labels()[:100]
  File "/Users/rahul/PycharmProjects/pythonMobilePOC/venv/lib/python3.6/site-packages/bzt/bza.py", line 602, in get_labels
    res = self._request(url)
  File "/Users/rahul/PycharmProjects/pythonMobilePOC/venv/lib/python3.6/site-packages/bzt/bza.py", line 97, in _request
    method=log_method, url=url, data=data, headers=headers, timeout=self.timeout)
  File "/Users/rahul/PycharmProjects/pythonMobilePOC/venv/lib/python3.6/site-packages/bzt/utils.py", line 1186, in request
    return self.session.request(method, url, *args, **kwargs)
  File "/Users/rahul/PycharmProjects/pythonMobilePOC/venv/lib/python3.6/site-packages/requests/sessions.py", line 533, in request
    resp = self.send(prep, **send_kwargs)
  File "/Users/rahul/PycharmProjects/pythonMobilePOC/venv/lib/python3.6/site-packages/requests/sessions.py", line 646, in send
    r = adapter.send(request, **kwargs)
  File "/Users/rahul/PycharmProjects/pythonMobilePOC/venv/lib/python3.6/site-packages/requests/adapters.py", line 449, in send
    timeout=timeout
  File "/Users/rahul/PycharmProjects/pythonMobilePOC/venv/lib/python3.6/site-packages/urllib3/connectionpool.py", line 603, in urlopen
    chunked=chunked)
  File "/Users/rahul/PycharmProjects/pythonMobilePOC/venv/lib/python3.6/site-packages/urllib3/connectionpool.py", line 383, in _make_request
    httplib_response = conn.getresponse()
  File "/Library/Frameworks/Python.framework/Versions/3.6/lib/python3.6/http/client.py", line 1331, in getresponse
    response.begin()
  File "/Library/Frameworks/Python.framework/Versions/3.6/lib/python3.6/http/client.py", line 297, in begin
    version, status, reason = self._read_status()
  File "/Library/Frameworks/Python.framework/Versions/3.6/lib/python3.6/http/client.py", line 258, in _read_status
    line = str(self.fp.readline(_MAXLINE + 1), "iso-8859-1")
  File "/Library/Frameworks/Python.framework/Versions/3.6/lib/python3.6/socket.py", line 586, in readinto
    return self._sock.recv_into(b)
  File "/Library/Frameworks/Python.framework/Versions/3.6/lib/python3.6/ssl.py", line 1009, in recv_into
    return self.read(nbytes, buffer)
  File "/Library/Frameworks/Python.framework/Versions/3.6/lib/python3.6/ssl.py", line 871, in read
    return self._sslobj.read(len, buffer)
  File "/Library/Frameworks/Python.framework/Versions/3.6/lib/python3.6/ssl.py", line 631, in read
    v = self._sslobj.read(len, buffer)
[2020-04-07 23:33:28,848 INFO Engine] Post-processing...
[2020-04-07 23:33:28,848 DEBUG Engine.cloud] Request: GET https://a.blazemeter.com/api/v4/masters/27286383/full None
[2020-04-07 23:33:28,848 DEBUG HTTPClient] Making HTTP request GET https://a.blazemeter.com/api/v4/masters/27286383/full
[2020-04-07 23:33:28,850 DEBUG urllib3.connectionpool] Starting new HTTPS connection (2): a.blazemeter.com:443
[2020-04-07 23:33:29,011 DEBUG Engine] post_process: 
[2020-04-07 23:33:29,011 DEBUG Engine.cloud] Request: GET https://a.blazemeter.com/api/v4/data/labels?master_id=27286383 None
[2020-04-07 23:33:29,012 DEBUG HTTPClient] Making HTTP request GET https://a.blazemeter.com/api/v4/data/labels?master_id=27286383
[2020-04-07 23:33:29,015 DEBUG urllib3.connectionpool] Starting new HTTPS connection (3): a.blazemeter.com:443
[2020-04-07 23:33:29,223 DEBUG Engine] post_process: 
[2020-04-07 23:33:29,223 INFO Engine.final-stats] Test duration: 0:00:57
[2020-04-07 23:33:29,223 DEBUG Engine.console] No logger_handler or orig_stream was detected
[2020-04-07 23:33:29,225 DEBUG Engine.Configuration] Dumping YAML config into /Users/rahul/PycharmProjects/pythonMobilePOC/2020-04-07_23-32-22.605816/effective.yml
[2020-04-07 23:33:29,253 DEBUG Engine.Configuration] Dumping JSON config into /Users/rahul/PycharmProjects/pythonMobilePOC/2020-04-07_23-32-22.605816/effective.json
[2020-04-07 23:33:29,254 DEBUG root] Keyboard interrupt
[2020-04-07 23:33:29,260 DEBUG root] KeyboardInterrupt: 
  File "/Users/rahul/PycharmProjects/pythonMobilePOC/venv/lib/python3.6/site-packages/bzt/cli.py", line 266, in perform
    self.engine.post_process()
  File "/Users/rahul/PycharmProjects/pythonMobilePOC/venv/lib/python3.6/site-packages/bzt/engine/engine.py", line 333, in post_process
    reraise(exc_info, exc_value)
  File "/Users/rahul/PycharmProjects/pythonMobilePOC/venv/lib/python3.6/site-packages/bzt/six/py3.py", line 86, in reraise
    raise exc
  File "/Users/rahul/PycharmProjects/pythonMobilePOC/venv/lib/python3.6/site-packages/bzt/engine/engine.py", line 319, in post_process
    module.post_process()
  File "/Users/rahul/PycharmProjects/pythonMobilePOC/venv/lib/python3.6/site-packages/bzt/modules/blazemeter.py", line 1731, in post_process
    full = self.router.master.get_full()
  File "/Users/rahul/PycharmProjects/pythonMobilePOC/venv/lib/python3.6/site-packages/bzt/bza.py", line 629, in get_full
    return self._request(url)['result']
  File "/Users/rahul/PycharmProjects/pythonMobilePOC/venv/lib/python3.6/site-packages/bzt/bza.py", line 97, in _request
    method=log_method, url=url, data=data, headers=headers, timeout=self.timeout)
  File "/Users/rahul/PycharmProjects/pythonMobilePOC/venv/lib/python3.6/site-packages/bzt/utils.py", line 1186, in request
    return self.session.request(method, url, *args, **kwargs)
  File "/Users/rahul/PycharmProjects/pythonMobilePOC/venv/lib/python3.6/site-packages/requests/sessions.py", line 533, in request
    resp = self.send(prep, **send_kwargs)
  File "/Users/rahul/PycharmProjects/pythonMobilePOC/venv/lib/python3.6/site-packages/requests/sessions.py", line 646, in send
    r = adapter.send(request, **kwargs)
  File "/Users/rahul/PycharmProjects/pythonMobilePOC/venv/lib/python3.6/site-packages/requests/adapters.py", line 449, in send
    timeout=timeout
  File "/Users/rahul/PycharmProjects/pythonMobilePOC/venv/lib/python3.6/site-packages/urllib3/connectionpool.py", line 603, in urlopen
    chunked=chunked)
  File "/Users/rahul/PycharmProjects/pythonMobilePOC/venv/lib/python3.6/site-packages/urllib3/connectionpool.py", line 344, in _make_request
    self._validate_conn(conn)
  File "/Users/rahul/PycharmProjects/pythonMobilePOC/venv/lib/python3.6/site-packages/urllib3/connectionpool.py", line 843, in _validate_conn
    conn.connect()
  File "/Users/rahul/PycharmProjects/pythonMobilePOC/venv/lib/python3.6/site-packages/urllib3/connection.py", line 316, in connect
    conn = self._new_conn()
  File "/Users/rahul/PycharmProjects/pythonMobilePOC/venv/lib/python3.6/site-packages/urllib3/connection.py", line 160, in _new_conn
    (self._dns_host, self.port), self.timeout, **extra_kw)
  File "/Users/rahul/PycharmProjects/pythonMobilePOC/venv/lib/python3.6/site-packages/urllib3/util/connection.py", line 70, in create_connection
    sock.connect(sa)
[2020-04-07 23:33:29,260 INFO root] Artifacts dir: /Users/rahul/PycharmProjects/pythonMobilePOC/2020-04-07_23-32-22.605816
[2020-04-07 23:33:29,260 WARNING root] Done performing with code: 1
[2020-04-07 23:33:29,261 DEBUG root] Closing log handler: /Users/rahul/PycharmProjects/pythonMobilePOC/2020-04-07_23-32-22.605816/bzt.log
